Build started 27.11.2020 13:03:59.
     1>Project "D:\MyDesktop\scoala\an2Semestrul1\SDA\Laboratoare\lab liste sapt 10\lab10\lab10\lab10.vcxproj" on node 2 (Build target(s)).
     1>ClCompile:
         C:\Program Files (x86)\Microsoft Visual Studio 12.0\VC\bin\CL.exe /c /ZI /nologo /W3 /WX- /sdl /Od /Oy- /D _MBCS /Gm /EHsc /RTC1 /MDd /GS /fp:precise /Zc:wchar_t /Zc:forScope /Fo"Debug\\" /Fd"Debug\vc120.pdb" /Gd /TC /analyze- /errorReport:prompt lab10.c
         lab10.c
     1>d:\mydesktop\scoala\an2semestrul1\sda\laboratoare\lab liste sapt 10\lab10\lab10\lab10.c(103): warning C4013: 'adaugaInceput' undefined; assuming extern returning int
     1>d:\mydesktop\scoala\an2semestrul1\sda\laboratoare\lab liste sapt 10\lab10\lab10\lab10.c(103): warning C4047: '=' : 'proiect *' differs in levels of indirection from 'int'
     1>d:\mydesktop\scoala\an2semestrul1\sda\laboratoare\lab liste sapt 10\lab10\lab10\lab10.c(104): warning C4047: '=' : 'proiect *' differs in levels of indirection from 'int'
       Link:
         C:\Program Files (x86)\Microsoft Visual Studio 12.0\VC\bin\link.exe /ERRORREPORT:PROMPT /OUT:"D:\MyDesktop\scoala\an2Semestrul1\SDA\Laboratoare\lab liste sapt 10\lab10\Debug\lab10.exe" /INCREMENTAL /NOLOGO kernel32.lib user32.lib gdi32.lib winspool.lib comdlg32.lib advapi32.lib shell32.lib ole32.lib oleaut32.lib uuid.lib odbc32.lib odbccp32.lib /MANIFEST /MANIFESTUAC:"level='asInvoker' uiAccess='false'" /manifest:embed /DEBUG /PDB:"D:\MyDesktop\scoala\an2Semestrul1\SDA\Laboratoare\lab liste sapt 10\lab10\Debug\lab10.pdb" /TLBID:1 /DYNAMICBASE /NXCOMPAT /IMPLIB:"D:\MyDesktop\scoala\an2Semestrul1\SDA\Laboratoare\lab liste sapt 10\lab10\Debug\lab10.lib" /MACHINE:X86 Debug\lab10.obj
     1>lab10.obj : error LNK2019: unresolved external symbol _adaugaInceput referenced in function _main
     1>D:\MyDesktop\scoala\an2Semestrul1\SDA\Laboratoare\lab liste sapt 10\lab10\Debug\lab10.exe : fatal error LNK1120: 1 unresolved externals
     1>Done Building Project "D:\MyDesktop\scoala\an2Semestrul1\SDA\Laboratoare\lab liste sapt 10\lab10\lab10\lab10.vcxproj" (Build target(s)) -- FAILED.

Build FAILED.

Time Elapsed 00:00:01.00
